<?xml version="1.0" encoding="UTF-8"?>
<!-- Generated by org.testng.reporters.JUnitReportReporter -->
<testsuite skipped="0" hostname="DESKTOP-7KBV175" name="practice_package.SampleTestNG_Test_3" tests="2" failures="0" timestamp="2023-01-11T14:57:21 IST" time="0.003" errors="0">
  <testcase name="sample5" time="0.001" classname="practice_package.SampleTestNG_Test_3"/>
  <system-out/>
  <testcase name="sample6" time="0.002" classname="practice_package.SampleTestNG_Test_3"/>
  <system-out/>
</testsuite> <!-- practice_package.SampleTestNG_Test_3 -->
