<?xml version="1.0" encoding="UTF-8"?>
<!-- Generated by org.testng.reporters.JUnitReportReporter -->
<testsuite skipped="0" hostname="DESKTOP-7KBV175" name="practice_package.DifferentAnnotations_Ex" tests="4" failures="0" timestamp="2023-01-09T16:13:06 IST" time="0.014" errors="0">
  <testcase name="createOrg" time="0.002" classname="practice_package.DifferentAnnotations_Ex"/>
  <system-out/>
  <testcase name="createOrg" time="0.005" classname="practice_package.DifferentAnnotations_Ex"/>
  <system-out/>
  <testcase name="createPotential" time="0.004" classname="practice_package.DifferentAnnotations_Ex"/>
  <system-out/>
  <testcase name="createContacts" time="0.003" classname="practice_package.DifferentAnnotations_Ex"/>
  <system-out/>
</testsuite> <!-- practice_package.DifferentAnnotations_Ex -->
