<?xml version="1.0" encoding="UTF-8"?>
<!-- Generated by org.testng.reporters.JUnitReportReporter -->
<testsuite skipped="0" hostname="DESKTOP-7KBV175" name="practice_package.Sample_TestNG_Test" tests="4" failures="0" timestamp="2023-01-06T15:42:40 IST" time="0.017" errors="0">
  <testcase name="delete" time="0.003" classname="practice_package.Sample_TestNG_Test"/>
  <system-out/>
  <testcase name="update" time="0.002" classname="practice_package.Sample_TestNG_Test"/>
  <system-out/>
  <testcase name="create" time="0.008" classname="practice_package.Sample_TestNG_Test"/>
  <system-out/>
  <testcase name="update" time="0.004" classname="practice_package.Sample_TestNG_Test"/>
  <system-out/>
</testsuite> <!-- practice_package.Sample_TestNG_Test -->
