<?xml version="1.0" encoding="UTF-8"?>
<!-- Generated by org.testng.reporters.JUnitReportReporter -->
<testsuite skipped="0" hostname="DESKTOP-7KBV175" name="practice_package.Sample_DataProvider_UsingExcel" tests="4" failures="0" timestamp="2023-01-09T12:36:10 IST" time="0.014" errors="0">
  <testcase name="readData" time="0.003" classname="practice_package.Sample_DataProvider_UsingExcel"/>
  <system-out>
    <![CDATA[Mumbai---->pune]]>
  </system-out>
  <testcase name="readData" time="0.001" classname="practice_package.Sample_DataProvider_UsingExcel"/>
  <system-out>
    <![CDATA[chennai---->Bangalore]]>
  </system-out>
  <testcase name="readData" time="0.007" classname="practice_package.Sample_DataProvider_UsingExcel"/>
  <system-out>
    <![CDATA[Bangalore---->Mysore]]>
  </system-out>
  <testcase name="readData" time="0.003" classname="practice_package.Sample_DataProvider_UsingExcel"/>
  <system-out>
    <![CDATA[Mysore---->Mangalore]]>
  </system-out>
</testsuite> <!-- practice_package.Sample_DataProvider_UsingExcel -->
