<?xml version="1.0" encoding="UTF-8"?>
<!-- Generated by org.testng.reporters.JUnitReportReporter -->
<testsuite skipped="0" hostname="DESKTOP-7KBV175" name="approvetocredit.CrreditCust_UsingPom_Test" tests="1" failures="0" timestamp="2023-01-09T17:43:04 IST" time="3.214" errors="0">
  <testcase name="creditCust" time="3.214" classname="approvetocredit.CrreditCust_UsingPom_Test"/>
  <system-out/>
</testsuite> <!-- approvetocredit.CrreditCust_UsingPom_Test -->
