<?xml version="1.0" encoding="UTF-8"?>
<!-- Generated by org.testng.reporters.JUnitReportReporter -->
<testsuite skipped="0" hostname="DESKTOP-7KBV175" name="practice_package.Practice_DataProvider" tests="3" failures="0" timestamp="2023-01-06T17:04:55 IST" time="0.011" errors="0">
  <testcase name="travel" time="0.002" classname="practice_package.Practice_DataProvider"/>
  <system-out/>
  <testcase name="travel" time="0.003" classname="practice_package.Practice_DataProvider"/>
  <system-out/>
  <testcase name="travel" time="0.006" classname="practice_package.Practice_DataProvider"/>
  <system-out/>
</testsuite> <!-- practice_package.Practice_DataProvider -->
